0 info it worked if it ends with ok
1 verbose cli [ '/usr/local/bin/node', '/usr/local/bin/npm', 'run', 'dev' ]
2 info using npm@4.0.5
3 info using node@v7.4.0
4 verbose run-script [ 'predev', 'dev', 'postdev' ]
5 info lifecycle fsociety@1.0.0~predev: fsociety@1.0.0
6 silly lifecycle fsociety@1.0.0~predev: no script for predev, continuing
7 info lifecycle fsociety@1.0.0~dev: fsociety@1.0.0
8 verbose lifecycle fsociety@1.0.0~dev: unsafe-perm in lifecycle true
9 verbose lifecycle fsociety@1.0.0~dev: PATH: /usr/local/lib/node_modules/npm/bin/node-gyp-bin:/Applications/MAMP/htdocs/fsociety/node_modules/.bin:/Users/benjaminrochez/.venvburrito/bin:/Users/benjaminrochez/.yarn/bin:/Applications/MAMP/bin/php/php5.5.38/bin:/Applications/Postgres.app/Contents/Versions/9.6/bin:/Users/benjaminrochez/.pyenv/shims:/usr/local/bin:/usr/bin:/bin:/usr/sbin:/sbin:/Applications/Postgres.app/Contents/Versions/latest/bin
10 verbose lifecycle fsociety@1.0.0~dev: CWD: /Applications/MAMP/htdocs/fsociety
11 silly lifecycle fsociety@1.0.0~dev: Args: [ '-c', 'webpack' ]
12 silly lifecycle fsociety@1.0.0~dev: Returned: code: 1  signal: null
13 info lifecycle fsociety@1.0.0~dev: Failed to exec dev script
14 verbose stack Error: fsociety@1.0.0 dev: `webpack`
14 verbose stack Exit status 1
14 verbose stack     at EventEmitter.<anonymous> (/usr/local/lib/node_modules/npm/lib/utils/lifecycle.js:279:16)
14 verbose stack     at emitTwo (events.js:106:13)
14 verbose stack     at EventEmitter.emit (events.js:191:7)
14 verbose stack     at ChildProcess.<anonymous> (/usr/local/lib/node_modules/npm/lib/utils/spawn.js:40:14)
14 verbose stack     at emitTwo (events.js:106:13)
14 verbose stack     at ChildProcess.emit (events.js:191:7)
14 verbose stack     at maybeClose (internal/child_process.js:885:16)
14 verbose stack     at Process.ChildProcess._handle.onexit (internal/child_process.js:226:5)
15 verbose pkgid fsociety@1.0.0
16 verbose cwd /Applications/MAMP/htdocs/fsociety
17 error Darwin 16.7.0
18 error argv "/usr/local/bin/node" "/usr/local/bin/npm" "run" "dev"
19 error node v7.4.0
20 error npm  v4.0.5
21 error code ELIFECYCLE
22 error fsociety@1.0.0 dev: `webpack`
22 error Exit status 1
23 error Failed at the fsociety@1.0.0 dev script 'webpack'.
23 error Make sure you have the latest version of node.js and npm installed.
23 error If you do, this is most likely a problem with the fsociety package,
23 error not with npm itself.
23 error Tell the author that this fails on your system:
23 error     webpack
23 error You can get information on how to open an issue for this project with:
23 error     npm bugs fsociety
23 error Or if that isn't available, you can get their info via:
23 error     npm owner ls fsociety
23 error There is likely additional logging output above.
24 verbose exit [ 1, true ]
